# JRE version: OpenJDK Runtime Environment (18.0.2.1+1) (build 18.0.2.1+1-1)
# Java VM: OpenJDK 64-Bit Server VM (18.0.2.1+1-1, mixed mode, sharing, tiered, compressed oops, compressed class ptrs, g1 gc, windows-amd64)
GC Precious Log:
 CardTable entry size: 512
 Card Set container configuration: InlinePtr #cards 5 size 8 Array Of Cards #cards 12 size 40 Howl #buckets 4 coarsen threshold 1843 Howl Bitmap #cards 512 size 80 coarsen threshold 460 Card regions per heap region 1 cards per card region 2048
 CPUs: 2 total, 2 available
 Memory: 3918M
 Large Page Support: Disabled
 NUMA Support: Disabled
 Compressed Oops: Enabled (32-bit)
 Heap Region Size: 1M
 Heap Min Capacity: 8M
 Heap Initial Capacity: 62M
 Heap Max Capacity: 980M
 Pre-touch: Disabled
 Parallel Workers: 2
 Concurrent Workers: 1
 Concurrent Refinement Workers: 2
 Periodic GC: Disabled
Heap:
 garbage-first heap   total 48128K, used 27530K [0x00000000c2c00000, 0x0000000100000000)
  region size 1024K, 13 young (13312K), 3 survivors (3072K)
 Metaspace       used 32615K, committed 33088K, reserved 1114112K
  class space    used 4213K, committed 4416K, reserved 1048576K
GC Heap History (16 events):
Event: 3.401 GC heap before
{Heap before GC invocations=0 (full 0):
 garbage-first heap   total 63488K, used 6144K [0x00000000c2c00000, 0x0000000100000000)
  region size 1024K, 6 young (6144K), 0 survivors (0K)
 Metaspace       used 397K, committed 576K, reserved 1114112K
  class space    used 13K, committed 128K, reserved 1048576K
}
Event: 3.435 GC heap after
{Heap after GC invocations=1 (full 0):
 garbage-first heap   total 63488K, used 5480K [0x00000000c2c00000, 0x0000000100000000)
  region size 1024K, 1 young (1024K), 1 survivors (1024K)
 Metaspace       used 397K, committed 576K, reserved 1114112K
  class space    used 13K, committed 128K, reserved 1048576K
}
Event: 3.936 GC heap before
{Heap before GC invocations=1 (full 0):
 garbage-first heap   total 63488K, used 6504K [0x00000000c2c00000, 0x0000000100000000)
  region size 1024K, 3 young (3072K), 1 survivors (1024K)
 Metaspace       used 1422K, committed 1536K, reserved 1114112K
  class space    used 107K, committed 192K, reserved 1048576K
}
Event: 3.940 GC heap after
{Heap after GC invocations=2 (full 0):
 garbage-first heap   total 63488K, used 6276K [0x00000000c2c00000, 0x0000000100000000)
  region size 1024K, 1 young (1024K), 1 survivors (1024K)
 Metaspace       used 1422K, committed 1536K, reserved 1114112K
  class space    used 107K, committed 192K, reserved 1048576K
}
Event: 6.489 GC heap before
{Heap before GC invocations=2 (full 0):
 garbage-first heap   total 63488K, used 13444K [0x00000000c2c00000, 0x0000000100000000)
  region size 1024K, 8 young (8192K), 1 survivors (1024K)
 Metaspace       used 4277K, committed 4480K, reserved 1114112K
  class space    used 461K, committed 576K, reserved 1048576K
}
Event: 6.493 GC heap after
{Heap after GC invocations=3 (full 0):
 garbage-first heap   total 63488K, used 7259K [0x00000000c2c00000, 0x0000000100000000)
  region size 1024K, 1 young (1024K), 1 survivors (1024K)
 Metaspace       used 4277K, committed 4480K, reserved 1114112K
  class space    used 461K, committed 576K, reserved 1048576K
}
Event: 14.639 GC heap before
{Heap before GC invocations=3 (full 0):
 garbage-first heap   total 63488K, used 32859K [0x00000000c2c00000, 0x0000000100000000)
  region size 1024K, 26 young (26624K), 1 survivors (1024K)
 Metaspace       used 10619K, committed 10816K, reserved 1114112K
  class space    used 1302K, committed 1408K, reserved 1048576K
}
Event: 14.657 GC heap after
{Heap after GC invocations=4 (full 0):
 garbage-first heap   total 63488K, used 9091K [0x00000000c2c00000, 0x0000000100000000)
  region size 1024K, 3 young (3072K), 3 survivors (3072K)
 Metaspace       used 10619K, committed 10816K, reserved 1114112K
  class space    used 1302K, committed 1408K, reserved 1048576K
}
Event: 16.932 GC heap before
{Heap before GC invocations=4 (full 0):
 garbage-first heap   total 63488K, used 39811K [0x00000000c2c00000, 0x0000000100000000)
  region size 1024K, 34 young (34816K), 3 survivors (3072K)
 Metaspace       used 18539K, committed 18816K, reserved 1114112K
  class space    used 2325K, committed 2496K, reserved 1048576K
}
Event: 16.946 GC heap after
{Heap after GC invocations=5 (full 0):
 garbage-first heap   total 63488K, used 11522K [0x00000000c2c00000, 0x0000000100000000)
  region size 1024K, 5 young (5120K), 5 survivors (5120K)
 Metaspace       used 18539K, committed 18816K, reserved 1114112K
  class space    used 2325K, committed 2496K, reserved 1048576K
}
Event: 19.213 GC heap before
{Heap before GC invocations=5 (full 0):
 garbage-first heap   total 63488K, used 33026K [0x00000000c2c00000, 0x0000000100000000)
  region size 1024K, 27 young (27648K), 5 survivors (5120K)
 Metaspace       used 21224K, committed 21504K, reserved 1114112K
  class space    used 2595K, committed 2752K, reserved 1048576K
}
Event: 19.228 GC heap after
{Heap after GC invocations=6 (full 0):
 garbage-first heap   total 63488K, used 14023K [0x00000000c2c00000, 0x0000000100000000)
  region size 1024K, 5 young (5120K), 5 survivors (5120K)
 Metaspace       used 21224K, committed 21504K, reserved 1114112K
  class space    used 2595K, committed 2752K, reserved 1048576K
}
Event: 21.158 GC heap before
{Heap before GC invocations=7 (full 0):
 garbage-first heap   total 48128K, used 37575K [0x00000000c2c00000, 0x0000000100000000)
  region size 1024K, 28 young (28672K), 5 survivors (5120K)
 Metaspace       used 24552K, committed 24896K, reserved 1114112K
  class space    used 3084K, committed 3264K, reserved 1048576K
}
Event: 21.174 GC heap after
{Heap after GC invocations=8 (full 0):
 garbage-first heap   total 48128K, used 14763K [0x00000000c2c00000, 0x0000000100000000)
  region size 1024K, 2 young (2048K), 2 survivors (2048K)
 Metaspace       used 24552K, committed 24896K, reserved 1114112K
  class space    used 3084K, committed 3264K, reserved 1048576K
}
Event: 25.464 GC heap before
{Heap before GC invocations=8 (full 0):
 garbage-first heap   total 48128K, used 34219K [0x00000000c2c00000, 0x0000000100000000)
  region size 1024K, 21 young (21504K), 2 survivors (2048K)
 Metaspace       used 27210K, committed 27520K, reserved 1114112K
  class space    used 3451K, committed 3584K, reserved 1048576K
}
Event: 25.487 GC heap after
{Heap after GC invocations=9 (full 0):
 garbage-first heap   total 48128K, used 16123K [0x00000000c2c00000, 0x0000000100000000)
  region size 1024K, 2 young (2048K), 2 survivors (2048K)
 Metaspace       used 27210K, committed 27520K, reserved 1114112K
  class space    used 3451K, committed 3584K, reserved 1048576K
}

