# JRE version: OpenJDK Runtime Environment (18.0.2.1+1) (build 18.0.2.1+1-1)
# Java VM: OpenJDK 64-Bit Server VM (18.0.2.1+1-1, mixed mode, sharing, tiered, compressed oops, compressed class ptrs, g1 gc, windows-amd64)
GC Precious Log:
 CardTable entry size: 512
 Card Set container configuration: InlinePtr #cards 5 size 8 Array Of Cards #cards 12 size 40 Howl #buckets 4 coarsen threshold 1843 Howl Bitmap #cards 512 size 80 coarsen threshold 460 Card regions per heap region 1 cards per card region 2048
 CPUs: 2 total, 2 available
 Memory: 3918M
 Large Page Support: Disabled
 NUMA Support: Disabled
 Compressed Oops: Enabled (32-bit)
 Heap Region Size: 1M
 Heap Min Capacity: 8M
 Heap Initial Capacity: 62M
 Heap Max Capacity: 980M
 Pre-touch: Disabled
 Parallel Workers: 2
 Concurrent Workers: 1
 Concurrent Refinement Workers: 2
 Periodic GC: Disabled
Heap:
 garbage-first heap   total 73728K, used 48784K [0x00000000c2c00000, 0x0000000100000000)
  region size 1024K, 14 young (14336K), 1 survivors (1024K)
 Metaspace       used 86011K, committed 86592K, reserved 1179648K
  class space    used 11587K, committed 11904K, reserved 1048576K
GC Heap History (20 events):
Event: 13014.798 GC heap before
{Heap before GC invocations=78 (full 0):
 garbage-first heap   total 73728K, used 39177K [0x00000000c2c00000, 0x0000000100000000)
  region size 1024K, 3 young (3072K), 1 survivors (1024K)
 Metaspace       used 85936K, committed 86528K, reserved 1179648K
  class space    used 11586K, committed 11904K, reserved 1048576K
}
Event: 13014.939 GC heap after
{Heap after GC invocations=79 (full 0):
 garbage-first heap   total 73728K, used 37011K [0x00000000c2c00000, 0x0000000100000000)
  region size 1024K, 1 young (1024K), 1 survivors (1024K)
 Metaspace       used 85936K, committed 86528K, reserved 1179648K
  class space    used 11586K, committed 11904K, reserved 1048576K
}
Event: 13365.116 GC heap before
{Heap before GC invocations=79 (full 0):
 garbage-first heap   total 73728K, used 63635K [0x00000000c2c00000, 0x0000000100000000)
  region size 1024K, 27 young (27648K), 1 survivors (1024K)
 Metaspace       used 85958K, committed 86528K, reserved 1179648K
  class space    used 11587K, committed 11904K, reserved 1048576K
}
Event: 13365.282 GC heap after
{Heap after GC invocations=80 (full 0):
 garbage-first heap   total 73728K, used 37406K [0x00000000c2c00000, 0x0000000100000000)
  region size 1024K, 1 young (1024K), 1 survivors (1024K)
 Metaspace       used 85958K, committed 86528K, reserved 1179648K
  class space    used 11587K, committed 11904K, reserved 1048576K
}
Event: 13894.742 GC heap before
{Heap before GC invocations=81 (full 0):
 garbage-first heap   total 73728K, used 63006K [0x00000000c2c00000, 0x0000000100000000)
  region size 1024K, 26 young (26624K), 1 survivors (1024K)
 Metaspace       used 85961K, committed 86528K, reserved 1179648K
  class space    used 11587K, committed 11904K, reserved 1048576K
}
Event: 13894.809 GC heap after
{Heap after GC invocations=82 (full 0):
 garbage-first heap   total 73728K, used 37438K [0x00000000c2c00000, 0x0000000100000000)
  region size 1024K, 1 young (1024K), 1 survivors (1024K)
 Metaspace       used 85961K, committed 86528K, reserved 1179648K
  class space    used 11587K, committed 11904K, reserved 1048576K
}
Event: 13935.312 GC heap before
{Heap before GC invocations=82 (full 0):
 garbage-first heap   total 73728K, used 39486K [0x00000000c2c00000, 0x0000000100000000)
  region size 1024K, 3 young (3072K), 1 survivors (1024K)
 Metaspace       used 85961K, committed 86528K, reserved 1179648K
  class space    used 11587K, committed 11904K, reserved 1048576K
}
Event: 13935.508 GC heap after
{Heap after GC invocations=83 (full 0):
 garbage-first heap   total 73728K, used 36956K [0x00000000c2c00000, 0x0000000100000000)
  region size 1024K, 1 young (1024K), 1 survivors (1024K)
 Metaspace       used 85961K, committed 86528K, reserved 1179648K
  class space    used 11587K, committed 11904K, reserved 1048576K
}
Event: 14488.271 GC heap before
{Heap before GC invocations=83 (full 0):
 garbage-first heap   total 73728K, used 63580K [0x00000000c2c00000, 0x0000000100000000)
  region size 1024K, 27 young (27648K), 1 survivors (1024K)
 Metaspace       used 85961K, committed 86528K, reserved 1179648K
  class space    used 11587K, committed 11904K, reserved 1048576K
}
Event: 14488.611 GC heap after
{Heap after GC invocations=84 (full 0):
 garbage-first heap   total 73728K, used 36949K [0x00000000c2c00000, 0x0000000100000000)
  region size 1024K, 1 young (1024K), 1 survivors (1024K)
 Metaspace       used 85961K, committed 86528K, reserved 1179648K
  class space    used 11587K, committed 11904K, reserved 1048576K
}
Event: 14836.580 GC heap before
{Heap before GC invocations=85 (full 0):
 garbage-first heap   total 73728K, used 63573K [0x00000000c2c00000, 0x0000000100000000)
  region size 1024K, 27 young (27648K), 1 survivors (1024K)
 Metaspace       used 85981K, committed 86592K, reserved 1179648K
  class space    used 11587K, committed 11904K, reserved 1048576K
}
Event: 14836.686 GC heap after
{Heap after GC invocations=86 (full 0):
 garbage-first heap   total 73728K, used 37308K [0x00000000c2c00000, 0x0000000100000000)
  region size 1024K, 1 young (1024K), 1 survivors (1024K)
 Metaspace       used 85981K, committed 86592K, reserved 1179648K
  class space    used 11587K, committed 11904K, reserved 1048576K
}
Event: 14881.878 GC heap before
{Heap before GC invocations=86 (full 0):
 garbage-first heap   total 73728K, used 39356K [0x00000000c2c00000, 0x0000000100000000)
  region size 1024K, 3 young (3072K), 1 survivors (1024K)
 Metaspace       used 85985K, committed 86592K, reserved 1179648K
  class space    used 11587K, committed 11904K, reserved 1048576K
}
Event: 14882.218 GC heap after
{Heap after GC invocations=87 (full 0):
 garbage-first heap   total 73728K, used 36911K [0x00000000c2c00000, 0x0000000100000000)
  region size 1024K, 1 young (1024K), 1 survivors (1024K)
 Metaspace       used 85985K, committed 86592K, reserved 1179648K
  class space    used 11587K, committed 11904K, reserved 1048576K
}
Event: 15424.928 GC heap before
{Heap before GC invocations=87 (full 0):
 garbage-first heap   total 73728K, used 62511K [0x00000000c2c00000, 0x0000000100000000)
  region size 1024K, 26 young (26624K), 1 survivors (1024K)
 Metaspace       used 85991K, committed 86592K, reserved 1179648K
  class space    used 11587K, committed 11904K, reserved 1048576K
}
Event: 15425.066 GC heap after
{Heap after GC invocations=88 (full 0):
 garbage-first heap   total 73728K, used 36813K [0x00000000c2c00000, 0x0000000100000000)
  region size 1024K, 1 young (1024K), 1 survivors (1024K)
 Metaspace       used 85991K, committed 86592K, reserved 1179648K
  class space    used 11587K, committed 11904K, reserved 1048576K
}
Event: 16018.080 GC heap before
{Heap before GC invocations=89 (full 0):
 garbage-first heap   total 73728K, used 63437K [0x00000000c2c00000, 0x0000000100000000)
  region size 1024K, 27 young (27648K), 1 survivors (1024K)
 Metaspace       used 85991K, committed 86592K, reserved 1179648K
  class space    used 11587K, committed 11904K, reserved 1048576K
}
Event: 16018.183 GC heap after
{Heap after GC invocations=90 (full 0):
 garbage-first heap   total 73728K, used 36789K [0x00000000c2c00000, 0x0000000100000000)
  region size 1024K, 1 young (1024K), 1 survivors (1024K)
 Metaspace       used 85991K, committed 86592K, reserved 1179648K
  class space    used 11587K, committed 11904K, reserved 1048576K
}
Event: 16076.499 GC heap before
{Heap before GC invocations=90 (full 0):
 garbage-first heap   total 73728K, used 38837K [0x00000000c2c00000, 0x0000000100000000)
  region size 1024K, 3 young (3072K), 1 survivors (1024K)
 Metaspace       used 85991K, committed 86592K, reserved 1179648K
  class space    used 11587K, committed 11904K, reserved 1048576K
}
Event: 16076.743 GC heap after
{Heap after GC invocations=91 (full 0):
 garbage-first heap   total 73728K, used 36496K [0x00000000c2c00000, 0x0000000100000000)
  region size 1024K, 1 young (1024K), 1 survivors (1024K)
 Metaspace       used 85991K, committed 86592K, reserved 1179648K
  class space    used 11587K, committed 11904K, reserved 1048576K
}

